# JRE version: Java(TM) SE Runtime Environment (8.0_162-b12) (build 1.8.0_162-b12)
# Java VM: Java HotSpot(TM) 64-Bit Server VM (25.162-b12 mixed mode bsd-amd64 compressed oops)
Heap:
 PSYoungGen      total 36352K, used 16061K [0x0000000795580000, 0x0000000798100000, 0x00000007c0000000)
  eden space 29184K, 53% used [0x0000000795580000,0x00000007964bf6d0,0x0000000797200000)
  from space 7168K, 6% used [0x0000000797a00000,0x0000000797a70000,0x0000000798100000)
  to   space 7680K, 0% used [0x0000000797200000,0x0000000797200000,0x0000000797980000)
 ParOldGen       total 39424K, used 8673K [0x0000000740000000, 0x0000000742680000, 0x0000000795580000)
  object space 39424K, 22% used [0x0000000740000000,0x0000000740878678,0x0000000742680000)
 Metaspace       used 23842K, capacity 24228K, committed 24448K, reserved 1071104K
  class space    used 2542K, capacity 2670K, committed 2688K, reserved 1048576K
GC Heap History (10 events):
Event: 35.374 GC heap before
{Heap before GC invocations=6 (full 2):
 PSYoungGen      total 38400K, used 33280K [0x0000000795580000, 0x0000000798000000, 0x00000007c0000000)
  eden space 33280K, 100% used [0x0000000795580000,0x0000000797600000,0x0000000797600000)
  from space 5120K, 0% used [0x0000000797600000,0x0000000797600000,0x0000000797b00000)
  to   space 5120K, 0% used [0x0000000797b00000,0x0000000797b00000,0x0000000798000000)
 ParOldGen       total 39424K, used 8649K [0x0000000740000000, 0x0000000742680000, 0x0000000795580000)
  object space 39424K, 21% used [0x0000000740000000,0x0000000740872678,0x0000000742680000)
 Metaspace       used 23255K, capacity 23618K, committed 23808K, reserved 1071104K
  class space    used 2450K, capacity 2557K, committed 2560K, reserved 1048576K
Event: 35.375 GC heap after
Heap after GC invocations=6 (full 2):
 PSYoungGen      total 38400K, used 320K [0x0000000795580000, 0x0000000798000000, 0x00000007c0000000)
  eden space 33280K, 0% used [0x0000000795580000,0x0000000795580000,0x0000000797600000)
  from space 5120K, 6% used [0x0000000797b00000,0x0000000797b50000,0x0000000798000000)
  to   space 5120K, 0% used [0x0000000797600000,0x0000000797600000,0x0000000797b00000)
 ParOldGen       total 39424K, used 8657K [0x0000000740000000, 0x0000000742680000, 0x0000000795580000)
  object space 39424K, 21% used [0x0000000740000000,0x0000000740874678,0x0000000742680000)
 Metaspace       used 23255K, capacity 23618K, committed 23808K, reserved 1071104K
  class space    used 2450K, capacity 2557K, committed 2560K, reserved 1048576K
}
Event: 42.044 GC heap before
{Heap before GC invocations=7 (full 2):
 PSYoungGen      total 38400K, used 33600K [0x0000000795580000, 0x0000000798000000, 0x00000007c0000000)
  eden space 33280K, 100% used [0x0000000795580000,0x0000000797600000,0x0000000797600000)
  from space 5120K, 6% used [0x0000000797b00000,0x0000000797b50000,0x0000000798000000)
  to   space 5120K, 0% used [0x0000000797600000,0x0000000797600000,0x0000000797b00000)
 ParOldGen       total 39424K, used 8657K [0x0000000740000000, 0x0000000742680000, 0x0000000795580000)
  object space 39424K, 21% used [0x0000000740000000,0x0000000740874678,0x0000000742680000)
 Metaspace       used 23273K, capacity 23622K, committed 23808K, reserved 1071104K
  class space    used 2450K, capacity 2557K, committed 2560K, reserved 1048576K
Event: 42.046 GC heap after
Heap after GC invocations=7 (full 2):
 PSYoungGen      total 38400K, used 320K [0x0000000795580000, 0x0000000798000000, 0x00000007c0000000)
  eden space 33280K, 0% used [0x0000000795580000,0x0000000795580000,0x0000000797600000)
  from space 5120K, 6% used [0x0000000797600000,0x0000000797650000,0x0000000797b00000)
  to   space 5120K, 0% used [0x0000000797b00000,0x0000000797b00000,0x0000000798000000)
 ParOldGen       total 39424K, used 8665K [0x0000000740000000, 0x0000000742680000, 0x0000000795580000)
  object space 39424K, 21% used [0x0000000740000000,0x0000000740876678,0x0000000742680000)
 Metaspace       used 23273K, capacity 23622K, committed 23808K, reserved 1071104K
  class space    used 2450K, capacity 2557K, committed 2560K, reserved 1048576K
}
Event: 48.479 GC heap before
{Heap before GC invocations=8 (full 2):
 PSYoungGen      total 38400K, used 33600K [0x0000000795580000, 0x0000000798000000, 0x00000007c0000000)
  eden space 33280K, 100% used [0x0000000795580000,0x0000000797600000,0x0000000797600000)
  from space 5120K, 6% used [0x0000000797600000,0x0000000797650000,0x0000000797b00000)
  to   space 5120K, 0% used [0x0000000797b00000,0x0000000797b00000,0x0000000798000000)
 ParOldGen       total 39424K, used 8665K [0x0000000740000000, 0x0000000742680000, 0x0000000795580000)
  object space 39424K, 21% used [0x0000000740000000,0x0000000740876678,0x0000000742680000)
 Metaspace       used 23288K, capacity 23686K, committed 23808K, reserved 1071104K
  class space    used 2450K, capacity 2557K, committed 2560K, reserved 1048576K
Event: 48.481 GC heap after
Heap after GC invocations=8 (full 2):
 PSYoungGen      total 35328K, used 352K [0x0000000795580000, 0x0000000798580000, 0x00000007c0000000)
  eden space 30208K, 0% used [0x0000000795580000,0x0000000795580000,0x0000000797300000)
  from space 5120K, 6% used [0x0000000797b00000,0x0000000797b58000,0x0000000798000000)
  to   space 8192K, 0% used [0x0000000797300000,0x0000000797300000,0x0000000797b00000)
 ParOldGen       total 39424K, used 8673K [0x0000000740000000, 0x0000000742680000, 0x0000000795580000)
  object space 39424K, 22% used [0x0000000740000000,0x0000000740878678,0x0000000742680000)
 Metaspace       used 23288K, capacity 23686K, committed 23808K, reserved 1071104K
  class space    used 2450K, capacity 2557K, committed 2560K, reserved 1048576K
}
Event: 55.079 GC heap before
{Heap before GC invocations=9 (full 2):
 PSYoungGen      total 35328K, used 30560K [0x0000000795580000, 0x0000000798580000, 0x00000007c0000000)
  eden space 30208K, 100% used [0x0000000795580000,0x0000000797300000,0x0000000797300000)
  from space 5120K, 6% used [0x0000000797b00000,0x0000000797b58000,0x0000000798000000)
  to   space 8192K, 0% used [0x0000000797300000,0x0000000797300000,0x0000000797b00000)
 ParOldGen       total 39424K, used 8673K [0x0000000740000000, 0x0000000742680000, 0x0000000795580000)
  object space 39424K, 22% used [0x0000000740000000,0x0000000740878678,0x0000000742680000)
 Metaspace       used 23304K, capacity 23686K, committed 23808K, reserved 1071104K
  class space    used 2452K, capacity 2557K, committed 2560K, reserved 1048576K
Event: 55.081 GC heap after
Heap after GC invocations=9 (full 2):
 PSYoungGen      total 30208K, used 352K [0x0000000795580000, 0x0000000798180000, 0x00000007c0000000)
  eden space 29696K, 0% used [0x0000000795580000,0x0000000795580000,0x0000000797280000)
  from space 512K, 68% used [0x0000000797300000,0x0000000797358000,0x0000000797380000)
  to   space 7680K, 0% used [0x0000000797a00000,0x0000000797a00000,0x0000000798180000)
 ParOldGen       total 39424K, used 8673K [0x0000000740000000, 0x0000000742680000, 0x0000000795580000)
  object space 39424K, 22% used [0x0000000740000000,0x0000000740878678,0x0000000742680000)
 Metaspace       used 23304K, capacity 23686K, committed 23808K, reserved 1071104K
  class space    used 2452K, capacity 2557K, committed 2560K, reserved 1048576K
}
Event: 62.329 GC heap before
{Heap before GC invocations=10 (full 2):
 PSYoungGen      total 30208K, used 30048K [0x0000000795580000, 0x0000000798180000, 0x00000007c0000000)
  eden space 29696K, 100% used [0x0000000795580000,0x0000000797280000,0x0000000797280000)
  from space 512K, 68% used [0x0000000797300000,0x0000000797358000,0x0000000797380000)
  to   space 7680K, 0% used [0x0000000797a00000,0x0000000797a00000,0x0000000798180000)
 ParOldGen       total 39424K, used 8673K [0x0000000740000000, 0x0000000742680000, 0x0000000795580000)
  object space 39424K, 22% used [0x0000000740000000,0x0000000740878678,0x0000000742680000)
 Metaspace       used 23342K, capacity 23750K, committed 24064K, reserved 1071104K
  class space    used 2452K, capacity 2557K, committed 2560K, reserved 1048576K
Event: 62.331 GC heap after
Heap after GC invocations=10 (full 2):
 PSYoungGen      total 36352K, used 448K [0x0000000795580000, 0x0000000798100000, 0x00000007c0000000)
  eden space 29184K, 0% used [0x0000000795580000,0x0000000795580000,0x0000000797200000)
  from space 7168K, 6% used [0x0000000797a00000,0x0000000797a70000,0x0000000798100000)
  to   space 7680K, 0% used [0x0000000797200000,0x0000000797200000,0x0000000797980000)
 ParOldGen       total 39424K, used 8673K [0x0000000740000000, 0x0000000742680000, 0x0000000795580000)
  object space 39424K, 22% used [0x0000000740000000,0x0000000740878678,0x0000000742680000)
 Metaspace       used 23342K, capacity 23750K, committed 24064K, reserved 1071104K
  class space    used 2452K, capacity 2557K, committed 2560K, reserved 1048576K
}

